Using pre-set license
Built from '6000.0/staging' branch; Version is '6000.0.32f1 (b2e806cf271c) revision 11724806'; Using compiler version '193933523'; Build Type 'Release'
OS: 'Windows 11  (10.0.22621) 64bit CoreSingleLanguage' Language: 'en' Physical Memory: 24299 MB
BatchMode: 1, IsHumanControllingUs: 0, StartBugReporterOnCrash: 0, Is64bit: 1, IsPro: 1

COMMAND LINE ARGUMENTS:
C:\Program Files\Unity\Hub\Editor\6000.0.32f1\Editor\Unity.exe
-adb2
-batchMode
-noUpm
-name
AssetImportWorker0
-projectPath
P:/Works/Unity/DystopianLands/Dystopian Lands
-logFile
Logs/AssetImportWorker0.log
-srvPort
49649
-job-worker-count
9
-background-job-worker-count
8
-gc-helper-count
1
Successfully changed project path to: P:/Works/Unity/DystopianLands/Dystopian Lands
P:/Works/Unity/DystopianLands/Dystopian Lands
[UnityMemory] Configuration Parameters - Can be set up in boot.config
    "memorysetup-bucket-allocator-granularity=16"
    "memorysetup-bucket-allocator-bucket-count=8"
    "memorysetup-bucket-allocator-block-size=33554432"
    "memorysetup-bucket-allocator-block-count=8"
    "memorysetup-main-allocator-block-size=16777216"
    "memorysetup-thread-allocator-block-size=16777216"
    "memorysetup-gfx-main-allocator-block-size=16777216"
    "memorysetup-gfx-thread-allocator-block-size=16777216"
    "memorysetup-cache-allocator-block-size=4194304"
    "memorysetup-typetree-allocator-block-size=2097152"
    "memorysetup-profiler-bucket-allocator-granularity=16"
    "memorysetup-profiler-bucket-allocator-bucket-count=8"
    "memorysetup-profiler-bucket-allocator-block-size=33554432"
    "memorysetup-profiler-bucket-allocator-block-count=8"
    "memorysetup-profiler-allocator-block-size=16777216"
    "memorysetup-profiler-editor-allocator-block-size=1048576"
    "memorysetup-temp-allocator-size-main=16777216"
    "memorysetup-job-temp-allocator-block-size=2097152"
    "memorysetup-job-temp-allocator-block-size-background=1048576"
    "memorysetup-job-temp-allocator-reduction-small-platforms=262144"
    "memorysetup-allocator-temp-initial-block-size-main=262144"
    "memorysetup-allocator-temp-initial-block-size-worker=262144"
    "memorysetup-temp-allocator-size-background-worker=32768"
    "memorysetup-temp-allocator-size-job-worker=262144"
    "memorysetup-temp-allocator-size-preload-manager=33554432"
    "memorysetup-temp-allocator-size-nav-mesh-worker=65536"
    "memorysetup-temp-allocator-size-audio-worker=65536"
    "memorysetup-temp-allocator-size-cloud-worker=32768"
    "memorysetup-temp-allocator-size-gi-baking-worker=262144"
    "memorysetup-temp-allocator-size-gi-baking-worker=262144"
    "memorysetup-temp-allocator-size-gi-baking-worker=262144"
    "memorysetup-temp-allocator-size-gi-baking-worker=262144"
    "memorysetup-temp-allocator-size-gi-baking-worker=262144"
    "memorysetup-temp-allocator-size-gfx=262144"
Player connection [16540]  Target information:

Player connection [16540]  * "[IP] 192.168.1.5 [Port] 0 [Flags] 2 [Guid] 318221165 [EditorId] 318221165 [Version] 1048832 [Id] WindowsEditor(7,Buddy) [Debug] 1 [PackageName] WindowsEditor [ProjectName] Editor" 

Player connection [16540] Host joined multi-casting on [225.0.0.222:54997]...
Player connection [16540] Host joined alternative multi-casting on [225.0.0.222:34997]...
JobSystem: Creating JobQueue using job-worker-count value 9
[Physics::Module] Initialized fallback backend.
[Physics::Module] Id: 0xdecafbad
Library Redirect Path: Library/
[Physics::Module] Selected backend.
[Physics::Module] Name: PhysX
[Physics::Module] Id: 0xf2b8ea05
[Physics::Module] SDK Version: 4.1.2
[Physics::Module] Integration Version: 1.0.0
[Physics::Module] Threading Mode: Multi-Threaded
Refreshing native plugins compatible for Editor in 0.94 ms, found 3 plugins.
Preloading 0 native plugins for Editor in 0.00 ms.
Initialize engine version: 6000.0.32f1 (b2e806cf271c)
[Subsystems] Discovering subsystems at path C:/Program Files/Unity/Hub/Editor/6000.0.32f1/Editor/Data/Resources/UnitySubsystems
[Subsystems] Discovering subsystems at path P:/Works/Unity/DystopianLands/Dystopian Lands/Assets
GfxDevice: creating device client; kGfxThreadingModeNonThreaded
Direct3D:
    Version:  Direct3D 11.0 [level 11.1]
    Renderer: NVIDIA GeForce RTX 4060 Laptop GPU (ID=0x28e0)
    Vendor:   NVIDIA
    VRAM:     7972 MB
    Driver:   31.0.15.4683
Initialize mono
Mono path[0] = 'C:/Program Files/Unity/Hub/Editor/6000.0.32f1/Editor/Data/Managed'
Mono path[1] = 'C:/Program Files/Unity/Hub/Editor/6000.0.32f1/Editor/Data/MonoBleedingEdge/lib/mono/unityjit-win32'
Mono config path = 'C:/Program Files/Unity/Hub/Editor/6000.0.32f1/Editor/Data/MonoBleedingEdge/etc'
Using monoOptions --debugger-agent=transport=dt_socket,embedding=1,server=y,suspend=n,address=127.0.0.1:56204
Begin MonoManager ReloadAssembly
Registering precompiled unity dll's ...
Register platform support module: C:/Program Files/Unity/Hub/Editor/6000.0.32f1/Editor/Data/PlaybackEngines/WebGLSupport/UnityEditor.WebGL.Extensions.dll
Register platform support module: C:/Program Files/Unity/Hub/Editor/6000.0.32f1/Editor/Data/PlaybackEngines/WindowsStandaloneSupport/UnityEditor.WindowsStandalone.Extensions.dll
Registered in 0.003304 seconds.
- Loaded All Assemblies, in  0.378 seconds
Native extension for WindowsStandalone target not found
Native extension for WebGL target not found
Mono: successfully reloaded assembly
- Finished resetting the current domain, in  0.355 seconds
Domain Reload Profiling: 730ms
	BeginReloadAssembly (141ms)
		ExecutionOrderSort (0ms)
		DisableScriptedObjects (0ms)
		BackupInstance (0ms)
		ReleaseScriptingObjects (0ms)
		CreateAndSetChildDomain (1ms)
	RebuildCommonClasses (30ms)
	RebuildNativeTypeToScriptingClass (12ms)
	initialDomainReloadingComplete (53ms)
	LoadAllAssembliesAndSetupDomain (138ms)
		LoadAssemblies (139ms)
		RebuildTransferFunctionScriptingTraits (0ms)
		AnalyzeDomain (135ms)
			TypeCache.Refresh (134ms)
				TypeCache.ScanAssembly (121ms)
			BuildScriptInfoCaches (0ms)
			ResolveRequiredComponents (0ms)
	FinalizeReload (356ms)
		ReleaseScriptCaches (0ms)
		RebuildScriptCaches (0ms)
		SetupLoadedEditorAssemblies (308ms)
			LogAssemblyErrors (0ms)
			InitializePlatformSupportModulesInManaged (22ms)
			SetLoadedEditorAssemblies (4ms)
			BeforeProcessingInitializeOnLoad (45ms)
			ProcessInitializeOnLoadAttributes (171ms)
			ProcessInitializeOnLoadMethodAttributes (66ms)
			AfterProcessingInitializeOnLoad (0ms)
			EditorAssembliesLoaded (0ms)
		ExecutionOrderSort2 (0ms)
		AwakeInstancesAfterBackupRestoration (0ms)
========================================================================
Worker process is ready to serve import requests
Import Worker Mode flag is 0x00
Begin MonoManager ReloadAssembly
- Loaded All Assemblies, in  0.850 seconds
Refreshing native plugins compatible for Editor in 0.94 ms, found 3 plugins.
Native extension for WindowsStandalone target not found
Native extension for WebGL target not found
Mono: successfully reloaded assembly
- Finished resetting the current domain, in  0.798 seconds
Domain Reload Profiling: 1645ms
	BeginReloadAssembly (183ms)
		ExecutionOrderSort (0ms)
		DisableScriptedObjects (6ms)
		BackupInstance (0ms)
		ReleaseScriptingObjects (0ms)
		CreateAndSetChildDomain (31ms)
	RebuildCommonClasses (38ms)
	RebuildNativeTypeToScriptingClass (12ms)
	initialDomainReloadingComplete (47ms)
	LoadAllAssembliesAndSetupDomain (566ms)
		LoadAssemblies (391ms)
		RebuildTransferFunctionScriptingTraits (0ms)
		AnalyzeDomain (286ms)
			TypeCache.Refresh (201ms)
				TypeCache.ScanAssembly (185ms)
			BuildScriptInfoCaches (70ms)
			ResolveRequiredComponents (12ms)
	FinalizeReload (799ms)
		ReleaseScriptCaches (0ms)
		RebuildScriptCaches (0ms)
		SetupLoadedEditorAssemblies (626ms)
			LogAssemblyErrors (0ms)
			InitializePlatformSupportModulesInManaged (3ms)
			SetLoadedEditorAssemblies (5ms)
			BeforeProcessingInitializeOnLoad (112ms)
			ProcessInitializeOnLoadAttributes (409ms)
			ProcessInitializeOnLoadMethodAttributes (91ms)
			AfterProcessingInitializeOnLoad (5ms)
			EditorAssembliesLoaded (0ms)
		ExecutionOrderSort2 (0ms)
		AwakeInstancesAfterBackupRestoration (6ms)
Launched and connected shader compiler UnityShaderCompiler.exe after 0.01 seconds
Refreshing native plugins compatible for Editor in 0.67 ms, found 3 plugins.
Preloading 0 native plugins for Editor in 0.00 ms.
Unloading 197 Unused Serialized files (Serialized files now loaded: 0)
Unloading 5910 unused Assets / (4.1 MB). Loaded Objects now: 6576.
Memory consumption went from 164.5 MB to 160.4 MB.
Total: 7.792400 ms (FindLiveObjects: 0.592900 ms CreateObjectMapping: 0.378500 ms MarkObjects: 4.843100 ms  DeleteObjects: 1.976200 ms)

========================================================================
Received Import Request.
  Time since last request: 788359.618768 seconds.
  path: Assets/Readme.asset
  artifactKey: Guid(8105016687592461f977c054a80ce2f2) Importer(815301076,1909f56bfc062723c751e8b465ee728b)
Start importing Assets/Readme.asset using Guid(8105016687592461f977c054a80ce2f2) Importer(815301076,1909f56bfc062723c751e8b465ee728b) (PreviewImporter) -> (artifact id: '50ea5ad2cda8720781b90d71f311d8d1') in 0.0238051 seconds
Number of updated asset objects reloaded before import = 0Number of asset objects unloaded after import = 2

========================================================================
Received Import Request.
  Time since last request: 15.030243 seconds.
  path: Assets/Scenes
  artifactKey: Guid(9c53962885c2c4f449125a979d6ad240) Importer(815301076,1909f56bfc062723c751e8b465ee728b)
Start importing Assets/Scenes using Guid(9c53962885c2c4f449125a979d6ad240) Importer(815301076,1909f56bfc062723c751e8b465ee728b) (PreviewImporter) -> (artifact id: 'd65b75f456837a3494a5e6e744543932') in 0.0007082 seconds
Number of updated asset objects reloaded before import = 0Number of asset objects unloaded after import = 0

========================================================================
Received Import Request.
  Time since last request: 16.187224 seconds.
  path: Assets/Dystopian Lands
  artifactKey: Guid(9cef825c77e8fee438e858f06234ffdf) Importer(815301076,1909f56bfc062723c751e8b465ee728b)
Start importing Assets/Dystopian Lands using Guid(9cef825c77e8fee438e858f06234ffdf) Importer(815301076,1909f56bfc062723c751e8b465ee728b) (PreviewImporter) -> (artifact id: '235866d322912ad72e790b495d6f2c04') in 0.0005476 seconds
Number of updated asset objects reloaded before import = 0Number of asset objects unloaded after import = 0

========================================================================
Received Import Request.
  Time since last request: 6.761221 seconds.
  path: Assets/Dystopian Lands/Design
  artifactKey: Guid(b68ccdf245e02014e923b55fdd37b71a) Importer(815301076,1909f56bfc062723c751e8b465ee728b)
Start importing Assets/Dystopian Lands/Design using Guid(b68ccdf245e02014e923b55fdd37b71a) Importer(815301076,1909f56bfc062723c751e8b465ee728b) (PreviewImporter) -> (artifact id: '4e7e866d5e7c35c48c275bb30ac2a864') in 0.0006414 seconds
Number of updated asset objects reloaded before import = 0Number of asset objects unloaded after import = 0

========================================================================
Received Import Request.
  Time since last request: 2.854867 seconds.
  path: Assets/Dystopian Lands/Dev
  artifactKey: Guid(45376f55fec364f4dab02addecb22737) Importer(815301076,1909f56bfc062723c751e8b465ee728b)
Start importing Assets/Dystopian Lands/Dev using Guid(45376f55fec364f4dab02addecb22737) Importer(815301076,1909f56bfc062723c751e8b465ee728b) (PreviewImporter) -> (artifact id: '72c1a9f75a977a34a08d1d134cdf86f1') in 0.0005566 seconds
Number of updated asset objects reloaded before import = 0Number of asset objects unloaded after import = 0

========================================================================
Received Import Request.
  Time since last request: 15.897950 seconds.
  path: Assets/Dystopian Lands/Design/Outdoor
  artifactKey: Guid(365dba4b421884a48964244365166fde) Importer(815301076,1909f56bfc062723c751e8b465ee728b)
Start importing Assets/Dystopian Lands/Design/Outdoor using Guid(365dba4b421884a48964244365166fde) Importer(815301076,1909f56bfc062723c751e8b465ee728b) (PreviewImporter) -> (artifact id: '3174695ff9bf0f8fb891183366f84e43') in 0.000688 seconds
Number of updated asset objects reloaded before import = 0Number of asset objects unloaded after import = 0

========================================================================
Received Import Request.
  Time since last request: 7.880931 seconds.
  path: Assets/Dystopian Lands/Design/Indoors
  artifactKey: Guid(68cf9ea0a65dd5046a7be4bed232979e) Importer(815301076,1909f56bfc062723c751e8b465ee728b)
Start importing Assets/Dystopian Lands/Design/Indoors using Guid(68cf9ea0a65dd5046a7be4bed232979e) Importer(815301076,1909f56bfc062723c751e8b465ee728b) (PreviewImporter) -> (artifact id: '30be047ba58af85f4fe5d7b87dda1d0c') in 0.0005797 seconds
Number of updated asset objects reloaded before import = 0Number of asset objects unloaded after import = 0

========================================================================
Received Import Request.
  Time since last request: 3.602186 seconds.
  path: Assets/Dystopian Lands/Design/Outdoors
  artifactKey: Guid(365dba4b421884a48964244365166fde) Importer(815301076,1909f56bfc062723c751e8b465ee728b)
Start importing Assets/Dystopian Lands/Design/Outdoors using Guid(365dba4b421884a48964244365166fde) Importer(815301076,1909f56bfc062723c751e8b465ee728b) (PreviewImporter) -> (artifact id: '399148b1e9911e7d96719601a0412280') in 0.0006032 seconds
Number of updated asset objects reloaded before import = 0Number of asset objects unloaded after import = 0

========================================================================
Received Import Request.
  Time since last request: 5.186194 seconds.
  path: Assets/Dystopian Lands/Design/Indoors/Models
  artifactKey: Guid(14a12563f644d5044a10b69f77bdfb1b) Importer(815301076,1909f56bfc062723c751e8b465ee728b)
Start importing Assets/Dystopian Lands/Design/Indoors/Models using Guid(14a12563f644d5044a10b69f77bdfb1b) Importer(815301076,1909f56bfc062723c751e8b465ee728b) (PreviewImporter) -> (artifact id: 'f7b7017c43a5c4ee7be93a6d7f635c0a') in 0.0009241 seconds
Number of updated asset objects reloaded before import = 0Number of asset objects unloaded after import = 0

========================================================================
Received Import Request.
  Time since last request: 3.537060 seconds.
  path: Assets/Dystopian Lands/Design/Indoors/Materials
  artifactKey: Guid(df0100e5248c78e4c875ab57f18e41da) Importer(815301076,1909f56bfc062723c751e8b465ee728b)
Start importing Assets/Dystopian Lands/Design/Indoors/Materials using Guid(df0100e5248c78e4c875ab57f18e41da) Importer(815301076,1909f56bfc062723c751e8b465ee728b) (PreviewImporter) -> (artifact id: '5198550c026822558e22549038e522d6') in 0.0006057 seconds
Number of updated asset objects reloaded before import = 0Number of asset objects unloaded after import = 0

========================================================================
Received Import Request.
  Time since last request: 5.261943 seconds.
  path: Assets/Dystopian Lands/Design/Indoors/Textures
  artifactKey: Guid(c9831c8cb624e0b449d4a32205ecb57b) Importer(815301076,1909f56bfc062723c751e8b465ee728b)
Start importing Assets/Dystopian Lands/Design/Indoors/Textures using Guid(c9831c8cb624e0b449d4a32205ecb57b) Importer(815301076,1909f56bfc062723c751e8b465ee728b) (PreviewImporter) -> (artifact id: '43274375ab11a587ffad456f2f89becc') in 0.0007922 seconds
Number of updated asset objects reloaded before import = 0Number of asset objects unloaded after import = 0

========================================================================
Received Import Request.
  Time since last request: 4.038351 seconds.
  path: Assets/Dystopian Lands/Design/Indoors/Animations
  artifactKey: Guid(44152c07c6761aa429ba45179981204b) Importer(815301076,1909f56bfc062723c751e8b465ee728b)
Start importing Assets/Dystopian Lands/Design/Indoors/Animations using Guid(44152c07c6761aa429ba45179981204b) Importer(815301076,1909f56bfc062723c751e8b465ee728b) (PreviewImporter) -> (artifact id: '3487c928227ec82d020da7315377727f') in 0.0007781 seconds
Number of updated asset objects reloaded before import = 0Number of asset objects unloaded after import = 0

========================================================================
Received Import Request.
  Time since last request: 18.621028 seconds.
  path: Assets/Dystopian Lands/Design/Indoors/Controllers
  artifactKey: Guid(3c5932d32bb0e1046b7763a766558f35) Importer(815301076,1909f56bfc062723c751e8b465ee728b)
Start importing Assets/Dystopian Lands/Design/Indoors/Controllers using Guid(3c5932d32bb0e1046b7763a766558f35) Importer(815301076,1909f56bfc062723c751e8b465ee728b) (PreviewImporter) -> (artifact id: '0b07d34f5d7276e30bc99c4bd8821510') in 0.0007846 seconds
Number of updated asset objects reloaded before import = 0Number of asset objects unloaded after import = 0

========================================================================
Received Import Request.
  Time since last request: 4.601289 seconds.
  path: Assets/Dystopian Lands/Design/Indoors/Prefabs
  artifactKey: Guid(33731eee2c972ab47820a7bc6eff7fea) Importer(815301076,1909f56bfc062723c751e8b465ee728b)
Start importing Assets/Dystopian Lands/Design/Indoors/Prefabs using Guid(33731eee2c972ab47820a7bc6eff7fea) Importer(815301076,1909f56bfc062723c751e8b465ee728b) (PreviewImporter) -> (artifact id: '5ca213a4f9f385eeb21130ad675f02cd') in 0.0007108 seconds
Number of updated asset objects reloaded before import = 0Number of asset objects unloaded after import = 0

========================================================================
Received Import Request.
  Time since last request: 39.084433 seconds.
  path: Assets/Dystopian Lands/Dev/Scripts
  artifactKey: Guid(c5cd445c482886346ad5f29a72d69f18) Importer(815301076,1909f56bfc062723c751e8b465ee728b)
Start importing Assets/Dystopian Lands/Dev/Scripts using Guid(c5cd445c482886346ad5f29a72d69f18) Importer(815301076,1909f56bfc062723c751e8b465ee728b) (PreviewImporter) -> (artifact id: '67812a7615553b766f06be6ae9c2301b') in 0.0004907 seconds
Number of updated asset objects reloaded before import = 0Number of asset objects unloaded after import = 0

========================================================================
Received Import Request.
  Time since last request: 7.983987 seconds.
  path: Assets/Dystopian Lands/Dev/Prefabs
  artifactKey: Guid(9a7e7ab6171a46d48955dddb8b5469f5) Importer(815301076,1909f56bfc062723c751e8b465ee728b)
Start importing Assets/Dystopian Lands/Dev/Prefabs using Guid(9a7e7ab6171a46d48955dddb8b5469f5) Importer(815301076,1909f56bfc062723c751e8b465ee728b) (PreviewImporter) -> (artifact id: '6f91d6efe645e61a4ca36ca15b6130f4') in 0.0010611 seconds
Number of updated asset objects reloaded before import = 0Number of asset objects unloaded after import = 0

========================================================================
Received Import Request.
  Time since last request: 55.889876 seconds.
  path: Assets/Dystopian Lands/Design/Sprites
  artifactKey: Guid(698a7ff7808617d4da0e187535a960eb) Importer(815301076,1909f56bfc062723c751e8b465ee728b)
Start importing Assets/Dystopian Lands/Design/Sprites using Guid(698a7ff7808617d4da0e187535a960eb) Importer(815301076,1909f56bfc062723c751e8b465ee728b) (PreviewImporter) -> (artifact id: 'a864c0f05277d22dc6167bcab0f6b5f6') in 0.000548 seconds
Number of updated asset objects reloaded before import = 0Number of asset objects unloaded after import = 0

========================================================================
Received Import Request.
  Time since last request: 8.612449 seconds.
  path: Assets/Dystopian Lands/Design/Outdoors/Sprites
  artifactKey: Guid(f3b7494553889f74c833adb3639b0483) Importer(815301076,1909f56bfc062723c751e8b465ee728b)
Start importing Assets/Dystopian Lands/Design/Outdoors/Sprites using Guid(f3b7494553889f74c833adb3639b0483) Importer(815301076,1909f56bfc062723c751e8b465ee728b) (PreviewImporter) -> (artifact id: 'dea566833a5f704750e2e7052942380a') in 0.0009534 seconds
Number of updated asset objects reloaded before import = 0Number of asset objects unloaded after import = 0

========================================================================
Received Import Request.
  Time since last request: 19.757951 seconds.
  path: Assets/Dystopian Lands/Design/Props
  artifactKey: Guid(b6d42bd9cc08e3c478b95800e804c69c) Importer(815301076,1909f56bfc062723c751e8b465ee728b)
Start importing Assets/Dystopian Lands/Design/Props using Guid(b6d42bd9cc08e3c478b95800e804c69c) Importer(815301076,1909f56bfc062723c751e8b465ee728b) (PreviewImporter) -> (artifact id: '190bca59f26999bda1c4b05bb1a4eb84') in 0.0010181 seconds
Number of updated asset objects reloaded before import = 0Number of asset objects unloaded after import = 0

========================================================================
Received Import Request.
  Time since last request: 6.230435 seconds.
  path: Assets/Dystopian Lands/Design/Outdoors/Materials
  artifactKey: Guid(84b6a48d29f28834b8cdc80db37824f6) Importer(815301076,1909f56bfc062723c751e8b465ee728b)
Start importing Assets/Dystopian Lands/Design/Outdoors/Materials using Guid(84b6a48d29f28834b8cdc80db37824f6) Importer(815301076,1909f56bfc062723c751e8b465ee728b) (PreviewImporter) -> (artifact id: 'c39bfdfaf78f1dbe1d6b86719a69881f') in 0.0004809 seconds
Number of updated asset objects reloaded before import = 0Number of asset objects unloaded after import = 0

========================================================================
Received Import Request.
  Time since last request: 29.092636 seconds.
  path: Assets/Dystopian Lands/Design/Characters
  artifactKey: Guid(f9f2b2e22cdc1f04bbe41e829aae929c) Importer(815301076,1909f56bfc062723c751e8b465ee728b)
Start importing Assets/Dystopian Lands/Design/Characters using Guid(f9f2b2e22cdc1f04bbe41e829aae929c) Importer(815301076,1909f56bfc062723c751e8b465ee728b) (PreviewImporter) -> (artifact id: 'ca8620c67053958b2329878b21879991') in 0.0006503 seconds
Number of updated asset objects reloaded before import = 0Number of asset objects unloaded after import = 0

========================================================================
Received Import Request.
  Time since last request: 36.449718 seconds.
  path: Assets/Dystopian Lands/UI
  artifactKey: Guid(983fa15a07a77204f87349939569fbe6) Importer(815301076,1909f56bfc062723c751e8b465ee728b)
Start importing Assets/Dystopian Lands/UI using Guid(983fa15a07a77204f87349939569fbe6) Importer(815301076,1909f56bfc062723c751e8b465ee728b) (PreviewImporter) -> (artifact id: '520a66911ff43c19fbb6cf4ca42f488d') in 0.0008435 seconds
Number of updated asset objects reloaded before import = 0Number of asset objects unloaded after import = 0

========================================================================
Received Import Request.
  Time since last request: 6.506019 seconds.
  path: Assets/Dystopian Lands/UI/Sprites
  artifactKey: Guid(c5393b5239975aa4ba2f6d13ab790cf3) Importer(815301076,1909f56bfc062723c751e8b465ee728b)
Start importing Assets/Dystopian Lands/UI/Sprites using Guid(c5393b5239975aa4ba2f6d13ab790cf3) Importer(815301076,1909f56bfc062723c751e8b465ee728b) (PreviewImporter) -> (artifact id: 'bc923570170237ca6d7da4590e2905f4') in 0.0011368 seconds
Number of updated asset objects reloaded before import = 0Number of asset objects unloaded after import = 0

========================================================================
Received Import Request.
  Time since last request: 5.136248 seconds.
  path: Assets/Dystopian Lands/UI/Prefabs
  artifactKey: Guid(32581d83cecf1cc4fbec48cfac10dd7e) Importer(815301076,1909f56bfc062723c751e8b465ee728b)
Start importing Assets/Dystopian Lands/UI/Prefabs using Guid(32581d83cecf1cc4fbec48cfac10dd7e) Importer(815301076,1909f56bfc062723c751e8b465ee728b) (PreviewImporter) -> (artifact id: '0c2a99956fc9d81a4a7b58c24f57029a') in 0.0005663 seconds
Number of updated asset objects reloaded before import = 0Number of asset objects unloaded after import = 0

========================================================================
Received Import Request.
  Time since last request: 28.053185 seconds.
  path: Assets/Dystopian Lands/DL.unity
  artifactKey: Guid(a9048c6d1091feb4c817bf74b2020e74) Importer(815301076,1909f56bfc062723c751e8b465ee728b)
Start importing Assets/Dystopian Lands/DL.unity using Guid(a9048c6d1091feb4c817bf74b2020e74) Importer(815301076,1909f56bfc062723c751e8b465ee728b) (PreviewImporter) -> (artifact id: 'b4ebd6e024053ca7808d75c2bb0584b2') in 0.0005448 seconds
Number of updated asset objects reloaded before import = 0Number of asset objects unloaded after import = 0

========================================================================
Received Import Request.
  Time since last request: 6.252955 seconds.
  path: Assets/Dystopian Lands/Game.unity
  artifactKey: Guid(a9048c6d1091feb4c817bf74b2020e74) Importer(815301076,1909f56bfc062723c751e8b465ee728b)
Start importing Assets/Dystopian Lands/Game.unity using Guid(a9048c6d1091feb4c817bf74b2020e74) Importer(815301076,1909f56bfc062723c751e8b465ee728b) (PreviewImporter) -> (artifact id: '241c8a388b23524979cb82c7b548e357') in 0.0006629 seconds
Number of updated asset objects reloaded before import = 0Number of asset objects unloaded after import = 0

========================================================================
Received Import Request.
  Time since last request: 295.237172 seconds.
  path: Assets/Dystopian Lands/Logo.png
  artifactKey: Guid(072f815fb73d1294c8827f792ff8a01d) Importer(815301076,1909f56bfc062723c751e8b465ee728b)
Start importing Assets/Dystopian Lands/Logo.png using Guid(072f815fb73d1294c8827f792ff8a01d) Importer(815301076,1909f56bfc062723c751e8b465ee728b) (PreviewImporter) -> (artifact id: '7de8df60da6b5ff7d550b158e3057037') in 0.1150499 seconds
Number of updated asset objects reloaded before import = 0Number of asset objects unloaded after import = 2

========================================================================
Received Import Request.
  Time since last request: 126.736049 seconds.
  path: Assets/Dystopian Lands/New Material.mat
  artifactKey: Guid(643d1ac83aec8b647961b2674e4d52fb) Importer(815301076,1909f56bfc062723c751e8b465ee728b)
Start importing Assets/Dystopian Lands/New Material.mat using Guid(643d1ac83aec8b647961b2674e4d52fb) Importer(815301076,1909f56bfc062723c751e8b465ee728b) (PreviewImporter) -> (artifact id: '49d0608e494c0fd802858634bb81a2df') in 2.1190133 seconds
Number of updated asset objects reloaded before import = 0Number of asset objects unloaded after import = 1

========================================================================
Received Import Request.
  Time since last request: 473.106302 seconds.
  path: Assets/Dystopian Lands/Misc
  artifactKey: Guid(2eee649771f4c9b459d902210b5304a6) Importer(815301076,1909f56bfc062723c751e8b465ee728b)
Start importing Assets/Dystopian Lands/Misc using Guid(2eee649771f4c9b459d902210b5304a6) Importer(815301076,1909f56bfc062723c751e8b465ee728b) (PreviewImporter) -> (artifact id: '49066a304d5f19d45333456e537f0510') in 0.0016694 seconds
Number of updated asset objects reloaded before import = 0Number of asset objects unloaded after import = 0

========================================================================
Received Import Request.
  Time since last request: 12.911843 seconds.
  path: Assets/Dystopian Lands/Te
  artifactKey: Guid(c02c5eebdb4a3d7408d03a3244419052) Importer(815301076,1909f56bfc062723c751e8b465ee728b)
Start importing Assets/Dystopian Lands/Te using Guid(c02c5eebdb4a3d7408d03a3244419052) Importer(815301076,1909f56bfc062723c751e8b465ee728b) (PreviewImporter) -> (artifact id: 'c7d884c385548d5121d383b70e90a09c') in 0.0009576 seconds
Number of updated asset objects reloaded before import = 0Number of asset objects unloaded after import = 0

========================================================================
Received Import Request.
  Time since last request: 10.614396 seconds.
  path: Assets/Dystopian Lands/Tests
  artifactKey: Guid(62d4a8fcb9314914dbdffe6d7f566dc8) Importer(815301076,1909f56bfc062723c751e8b465ee728b)
Start importing Assets/Dystopian Lands/Tests using Guid(62d4a8fcb9314914dbdffe6d7f566dc8) Importer(815301076,1909f56bfc062723c751e8b465ee728b) (PreviewImporter) -> (artifact id: 'fb361e21651d5c02e1c13462152907f6') in 0.0007686 seconds
Number of updated asset objects reloaded before import = 0Number of asset objects unloaded after import = 0

========================================================================
Received Import Request.
  Time since last request: 8.550620 seconds.
  path: Assets/Dystopian Lands/Tests/Testing scene.unity
  artifactKey: Guid(7ce42946b23f89249988a6e249a36161) Importer(815301076,1909f56bfc062723c751e8b465ee728b)
Start importing Assets/Dystopian Lands/Tests/Testing scene.unity using Guid(7ce42946b23f89249988a6e249a36161) Importer(815301076,1909f56bfc062723c751e8b465ee728b) (PreviewImporter) -> (artifact id: '15df22dd34a01cd5b6ed886b6c0fa2ba') in 0.0005199 seconds
Number of updated asset objects reloaded before import = 0Number of asset objects unloaded after import = 0

========================================================================
Received Import Request.
  Time since last request: 585.174017 seconds.
  path: Assets/Dystopian Lands/Tests/Desigh Testing scene.unity
  artifactKey: Guid(7ce42946b23f89249988a6e249a36161) Importer(815301076,1909f56bfc062723c751e8b465ee728b)
Start importing Assets/Dystopian Lands/Tests/Desigh Testing scene.unity using Guid(7ce42946b23f89249988a6e249a36161) Importer(815301076,1909f56bfc062723c751e8b465ee728b) (PreviewImporter) -> (artifact id: 'ec39b908fd0d2245fc9792eced020bba') in 0.0013511 seconds
Number of updated asset objects reloaded before import = 0Number of asset objects unloaded after import = 0

========================================================================
Received Import Request.
  Time since last request: 11.530479 seconds.
  path: Assets/Dystopian Lands/Tests/Dev Testing scene.unity
  artifactKey: Guid(431a22b7d55873a449429cc6ead0c21a) Importer(815301076,1909f56bfc062723c751e8b465ee728b)
Start importing Assets/Dystopian Lands/Tests/Dev Testing scene.unity using Guid(431a22b7d55873a449429cc6ead0c21a) Importer(815301076,1909f56bfc062723c751e8b465ee728b) (PreviewImporter) -> (artifact id: '64956d0a50e19adff0d4fa3940ffa566') in 0.0005016 seconds
Number of updated asset objects reloaded before import = 0Number of asset objects unloaded after import = 0

========================================================================
Received Import Request.
  Time since last request: 295.178655 seconds.
  path: Assets/Dystopian Lands/Misc/New Material.mat
  artifactKey: Guid(643d1ac83aec8b647961b2674e4d52fb) Importer(815301076,1909f56bfc062723c751e8b465ee728b)
Start importing Assets/Dystopian Lands/Misc/New Material.mat using Guid(643d1ac83aec8b647961b2674e4d52fb) Importer(815301076,1909f56bfc062723c751e8b465ee728b) (PreviewImporter) -> (artifact id: 'd24035e34a84e15c9ac112a3241a795c') in 0.0275728 seconds
Number of updated asset objects reloaded before import = 0Number of asset objects unloaded after import = 2

========================================================================
Received Import Request.
  Time since last request: 680.243902 seconds.
  path: Assets/Dystopian Lands/Dev/Inventory Objects
  artifactKey: Guid(90eee86fe1ad2de4aa70176a45af4a22) Importer(815301076,1909f56bfc062723c751e8b465ee728b)
Start importing Assets/Dystopian Lands/Dev/Inventory Objects using Guid(90eee86fe1ad2de4aa70176a45af4a22) Importer(815301076,1909f56bfc062723c751e8b465ee728b) (PreviewImporter) -> (artifact id: '85afc6308cbc2f92d43e3c04c55ff811') in 0.0014646 seconds
Number of updated asset objects reloaded before import = 0Number of asset objects unloaded after import = 0

========================================================================
Received Import Request.
  Time since last request: 18.513085 seconds.
  path: Assets
  artifactKey: Guid(00000000000000001000000000000000) Importer(815301076,1909f56bfc062723c751e8b465ee728b)
Start importing Assets using Guid(00000000000000001000000000000000) Importer(815301076,1909f56bfc062723c751e8b465ee728b) (PreviewImporter) -> (artifact id: 'c391582d739b6e62a5220f35cbb167ac') in 0.0006362 seconds
Number of updated asset objects reloaded before import = 0Number of asset objects unloaded after import = 0

========================================================================
Received Import Request.
  Time since last request: 46.543759 seconds.
  path: Assets/TutorialInfo
  artifactKey: Guid(ba062aa6c92b140379dbc06b43dd3b9b) Importer(815301076,1909f56bfc062723c751e8b465ee728b)
Start importing Assets/TutorialInfo using Guid(ba062aa6c92b140379dbc06b43dd3b9b) Importer(815301076,1909f56bfc062723c751e8b465ee728b) (PreviewImporter) -> (artifact id: 'bd0ce3b9fb2b0078fcd59af112aef3b6') in 0.0007014 seconds
Number of updated asset objects reloaded before import = 0Number of asset objects unloaded after import = 0

========================================================================
Received Import Request.
  Time since last request: 1.335636 seconds.
  path: Assets/TutorialInfo/Icons
  artifactKey: Guid(8a0c9218a650547d98138cd835033977) Importer(815301076,1909f56bfc062723c751e8b465ee728b)
Start importing Assets/TutorialInfo/Icons using Guid(8a0c9218a650547d98138cd835033977) Importer(815301076,1909f56bfc062723c751e8b465ee728b) (PreviewImporter) -> (artifact id: '1227d413ac442800839fd487a48b0b65') in 0.0005739 seconds
Number of updated asset objects reloaded before import = 0Number of asset objects unloaded after import = 0

========================================================================
Received Import Request.
  Time since last request: 0.070819 seconds.
  path: Assets/TutorialInfo/Icons/URP.png
  artifactKey: Guid(727a75301c3d24613a3ebcec4a24c2c8) Importer(815301076,1909f56bfc062723c751e8b465ee728b)
Start importing Assets/TutorialInfo/Icons/URP.png using Guid(727a75301c3d24613a3ebcec4a24c2c8) Importer(815301076,1909f56bfc062723c751e8b465ee728b) (PreviewImporter) -> (artifact id: '11bf47c1fc52be059eb73feb7e350277') in 0.0103394 seconds
Number of updated asset objects reloaded before import = 0Number of asset objects unloaded after import = 2

========================================================================
Received Prepare
Refreshing native plugins compatible for Editor in 0.54 ms, found 3 plugins.
Preloading 0 native plugins for Editor in 0.00 ms.
Unloading 13 Unused Serialized files (Serialized files now loaded: 0)
Unloading 5898 unused Assets / (2.3 MB). Loaded Objects now: 6764.
Memory consumption went from 147.7 MB to 145.5 MB.
Total: 21.638600 ms (FindLiveObjects: 0.478400 ms CreateObjectMapping: 0.340700 ms MarkObjects: 19.370700 ms  DeleteObjects: 1.447300 ms)

Prepare: number of updated asset objects reloaded= 0
========================================================================
Received Prepare
Begin MonoManager ReloadAssembly
- Loaded All Assemblies, in  0.647 seconds
Refreshing native plugins compatible for Editor in 0.61 ms, found 3 plugins.
Native extension for WindowsStandalone target not found
Native extension for WebGL target not found
Mono: successfully reloaded assembly
- Finished resetting the current domain, in  0.661 seconds
Domain Reload Profiling: 1310ms
	BeginReloadAssembly (203ms)
		ExecutionOrderSort (0ms)
		DisableScriptedObjects (17ms)
		BackupInstance (0ms)
		ReleaseScriptingObjects (0ms)
		CreateAndSetChildDomain (61ms)
	RebuildCommonClasses (29ms)
	RebuildNativeTypeToScriptingClass (10ms)
	initialDomainReloadingComplete (28ms)
	LoadAllAssembliesAndSetupDomain (379ms)
		LoadAssemblies (308ms)
		RebuildTransferFunctionScriptingTraits (0ms)
		AnalyzeDomain (156ms)
			TypeCache.Refresh (9ms)
				TypeCache.ScanAssembly (0ms)
			BuildScriptInfoCaches (135ms)
			ResolveRequiredComponents (9ms)
	FinalizeReload (661ms)
		ReleaseScriptCaches (0ms)
		RebuildScriptCaches (0ms)
		SetupLoadedEditorAssemblies (448ms)
			LogAssemblyErrors (0ms)
			InitializePlatformSupportModulesInManaged (3ms)
			SetLoadedEditorAssemblies (3ms)
			BeforeProcessingInitializeOnLoad (97ms)
			ProcessInitializeOnLoadAttributes (290ms)
			ProcessInitializeOnLoadMethodAttributes (49ms)
			AfterProcessingInitializeOnLoad (4ms)
			EditorAssembliesLoaded (0ms)
		ExecutionOrderSort2 (0ms)
		AwakeInstancesAfterBackupRestoration (9ms)
Refreshing native plugins compatible for Editor in 0.54 ms, found 3 plugins.
Preloading 0 native plugins for Editor in 0.00 ms.
Unloading 23 Unused Serialized files (Serialized files now loaded: 0)
Unloading 5904 unused Assets / (3.9 MB). Loaded Objects now: 6658.
Memory consumption went from 158.1 MB to 154.3 MB.
Total: 5.537400 ms (FindLiveObjects: 0.435100 ms CreateObjectMapping: 0.301900 ms MarkObjects: 3.430900 ms  DeleteObjects: 1.367100 ms)

Prepare: number of updated asset objects reloaded= 0
========================================================================
Received Import Request.
  Time since last request: 298.109130 seconds.
  path: Assets/Settings
  artifactKey: Guid(709f11a7f3c4041caa4ef136ea32d874) Importer(815301076,1909f56bfc062723c751e8b465ee728b)
Start importing Assets/Settings using Guid(709f11a7f3c4041caa4ef136ea32d874) Importer(815301076,1909f56bfc062723c751e8b465ee728b) (PreviewImporter) -> (artifact id: 'c4b47d252bc4e8d77fd6334abcf5e3e8') in 0.0208784 seconds
Number of updated asset objects reloaded before import = 0Number of asset objects unloaded after import = 0

========================================================================
Received Import Request.
  Time since last request: 0.036525 seconds.
  path: Assets/Settings/DefaultVolumeProfile.asset
  artifactKey: Guid(ab09877e2e707104187f6f83e2f62510) Importer(815301076,1909f56bfc062723c751e8b465ee728b)
Start importing Assets/Settings/DefaultVolumeProfile.asset using Guid(ab09877e2e707104187f6f83e2f62510) Importer(815301076,1909f56bfc062723c751e8b465ee728b) (PreviewImporter) -> (artifact id: '10528149371aefc32227726816d72a59') in 0.0155055 seconds
Number of updated asset objects reloaded before import = 0Number of asset objects unloaded after import = 0

========================================================================
Received Import Request.
  Time since last request: 0.012582 seconds.
  path: Assets/Settings/Mobile_RPAsset.asset
  artifactKey: Guid(5e6cbd92db86f4b18aec3ed561671858) Importer(815301076,1909f56bfc062723c751e8b465ee728b)
Start importing Assets/Settings/Mobile_RPAsset.asset using Guid(5e6cbd92db86f4b18aec3ed561671858) Importer(815301076,1909f56bfc062723c751e8b465ee728b) (PreviewImporter) -> (artifact id: '8aef1b5780e7730518d46eb0d392eb05') in 0.0020731 seconds
Number of updated asset objects reloaded before import = 0Number of asset objects unloaded after import = 2

========================================================================
Received Import Request.
  Time since last request: 0.014620 seconds.
  path: Assets/Settings/SampleSceneProfile.asset
  artifactKey: Guid(10fc4df2da32a41aaa32d77bc913491c) Importer(815301076,1909f56bfc062723c751e8b465ee728b)
Start importing Assets/Settings/SampleSceneProfile.asset using Guid(10fc4df2da32a41aaa32d77bc913491c) Importer(815301076,1909f56bfc062723c751e8b465ee728b) (PreviewImporter) -> (artifact id: 'b72c935079ba95563e246d02d57d535f') in 0.0008334 seconds
Number of updated asset objects reloaded before import = 0Number of asset objects unloaded after import = 0

========================================================================
Received Import Request.
  Time since last request: 20.540525 seconds.
  path: Assets/Dystopian Lands/Game.unity
  artifactKey: Guid(a9048c6d1091feb4c817bf74b2020e74) Importer(2089858483,192608db42251d675da83286b1cce702)
Start importing Assets/Dystopian Lands/Game.unity using Guid(a9048c6d1091feb4c817bf74b2020e74) Importer(2089858483,192608db42251d675da83286b1cce702) (ScriptedImporter) -> (artifact id: 'b86654f84b442e88086f3b0c2e82fd2e') in 0.1743709 seconds
Number of updated asset objects reloaded before import = 0Number of asset objects unloaded after import = 1

========================================================================
Received Import Request.
  Time since last request: 0.000029 seconds.
  path: Assets/Settings/Mobile_RPAsset.asset
  artifactKey: Guid(5e6cbd92db86f4b18aec3ed561671858) Importer(2089858483,192608db42251d675da83286b1cce702)
Start importing Assets/Settings/Mobile_RPAsset.asset using Guid(5e6cbd92db86f4b18aec3ed561671858) Importer(2089858483,192608db42251d675da83286b1cce702) (ScriptedImporter) -> (artifact id: 'cbfacfc2363959e50dde2c0559f5ce56') in 0.0789038 seconds
Number of updated asset objects reloaded before import = 0Number of asset objects unloaded after import = 2

========================================================================
Received Import Request.
  Time since last request: 0.000108 seconds.
  path: Assets/Dystopian Lands/Misc/New Material.mat
  artifactKey: Guid(643d1ac83aec8b647961b2674e4d52fb) Importer(2089858483,192608db42251d675da83286b1cce702)
Start importing Assets/Dystopian Lands/Misc/New Material.mat using Guid(643d1ac83aec8b647961b2674e4d52fb) Importer(2089858483,192608db42251d675da83286b1cce702) (ScriptedImporter) -> (artifact id: 'ec5449ee522f7a548f84c46ccc058d8c') in 0.0341 seconds
Number of updated asset objects reloaded before import = 0Number of asset objects unloaded after import = 2

========================================================================
Received Import Request.
  Time since last request: 0.000073 seconds.
  path: Assets/Settings/SampleSceneProfile.asset
  artifactKey: Guid(10fc4df2da32a41aaa32d77bc913491c) Importer(2089858483,192608db42251d675da83286b1cce702)
Start importing Assets/Settings/SampleSceneProfile.asset using Guid(10fc4df2da32a41aaa32d77bc913491c) Importer(2089858483,192608db42251d675da83286b1cce702) (ScriptedImporter) -> (artifact id: 'c9c04b61bab8018a2ed59541b05a8b90') in 0.0069073 seconds
Number of updated asset objects reloaded before import = 0Number of asset objects unloaded after import = 1

========================================================================
Received Import Request.
  Time since last request: 0.000022 seconds.
  path: Assets/Settings/PC_RPAsset.asset
  artifactKey: Guid(4b83569d67af61e458304325a23e5dfd) Importer(2089858483,192608db42251d675da83286b1cce702)
Start importing Assets/Settings/PC_RPAsset.asset using Guid(4b83569d67af61e458304325a23e5dfd) Importer(2089858483,192608db42251d675da83286b1cce702) (ScriptedImporter) -> (artifact id: '3a472607c7d785fc184dfde951fc2c0d') in 0.0117415 seconds
Number of updated asset objects reloaded before import = 0Number of asset objects unloaded after import = 1

========================================================================
Received Import Request.
  Time since last request: 0.000016 seconds.
  path: Assets/Settings/PC_Renderer.asset
  artifactKey: Guid(f288ae1f4751b564a96ac7587541f7a2) Importer(2089858483,192608db42251d675da83286b1cce702)
Start importing Assets/Settings/PC_Renderer.asset using Guid(f288ae1f4751b564a96ac7587541f7a2) Importer(2089858483,192608db42251d675da83286b1cce702) (ScriptedImporter) -> (artifact id: '6ba2d2a24c82702460fa3264e09a1a09') in 0.0384495 seconds
Number of updated asset objects reloaded before import = 0Number of asset objects unloaded after import = 1

Editor requested this worker to shutdown with reason: Scaling down because of idle timeout
AssetImportWorker is now disconnected from the server
Process exiting
Exiting without the bug reporter. Application will terminate with return code 0